[debug] [2026-07-21T14:09:14.802Z] ----------------------------------------------------------------------
[debug] [2026-07-21T14:09:14.804Z] Command:       /usr/local/bin/node /Users/guilhermemartinsesilva/.npm/_npx/7750544ccf494d8b/node_modules/.bin/firebase deploy
[debug] [2026-07-21T14:09:14.804Z] CLI Version:   15.24.0
[debug] [2026-07-21T14:09:14.804Z] Platform:      darwin
[debug] [2026-07-21T14:09:14.804Z] Node Version:  v22.17.1
[debug] [2026-07-21T14:09:14.804Z] Detected Agent: unknown
[debug] [2026-07-21T14:09:14.804Z] Time:          Tue Jul 21 2026 15:09:14 GMT+0100 (Western European Summer Time)
[debug] [2026-07-21T14:09:14.804Z] ----------------------------------------------------------------------
[debug] 
[debug] [2026-07-21T14:09:15.457Z] > command requires scopes: ["email","openid","https://www.googleapis.com/auth/cloudplatformprojects.readonly","https://www.googleapis.com/auth/firebase","https://www.googleapis.com/auth/cloud-platform"]
[debug] [2026-07-21T14:09:15.457Z] > authorizing via signed-in user (gma.silva@campus.fct.unl.pt)
[debug] [2026-07-21T14:09:15.457Z] [iam] checking project rally-5ddd6 for permissions ["cloudfunctions.functions.create","cloudfunctions.functions.delete","cloudfunctions.functions.get","cloudfunctions.functions.list","cloudfunctions.functions.update","cloudfunctions.operations.get","datastore.indexes.create","datastore.indexes.delete","datastore.indexes.list","datastore.indexes.update","firebase.projects.get","firebasehosting.sites.update","firebaserules.releases.create","firebaserules.releases.update","firebaserules.rulesets.create"]
[debug] [2026-07-21T14:09:15.462Z] Checked if tokens are valid: true, expires at: 1784645509063
[debug] [2026-07-21T14:09:15.462Z] Checked if tokens are valid: true, expires at: 1784645509063
[debug] [2026-07-21T14:09:15.462Z] >>> [apiv2][query] POST https://cloudresourcemanager.googleapis.com/v1/projects/rally-5ddd6:testIamPermissions [none]
[debug] [2026-07-21T14:09:15.462Z] >>> [apiv2][(partial)header] POST https://cloudresourcemanager.googleapis.com/v1/projects/rally-5ddd6:testIamPermissions  x-goog-user-project=rally-5ddd6
[debug] [2026-07-21T14:09:15.462Z] >>> [apiv2][body] POST https://cloudresourcemanager.googleapis.com/v1/projects/rally-5ddd6:testIamPermissions {"permissions":["cloudfunctions.functions.create","cloudfunctions.functions.delete","cloudfunctions.functions.get","cloudfunctions.functions.list","cloudfunctions.functions.update","cloudfunctions.operations.get","datastore.indexes.create","datastore.indexes.delete","datastore.indexes.list","datastore.indexes.update","firebase.projects.get","firebasehosting.sites.update","firebaserules.releases.create","firebaserules.releases.update","firebaserules.rulesets.create"]}
[debug] [2026-07-21T14:09:15.867Z] <<< [apiv2][status] POST https://cloudresourcemanager.googleapis.com/v1/projects/rally-5ddd6:testIamPermissions 200
[debug] [2026-07-21T14:09:15.867Z] <<< [apiv2][body] POST https://cloudresourcemanager.googleapis.com/v1/projects/rally-5ddd6:testIamPermissions {"permissions":["cloudfunctions.functions.create","cloudfunctions.functions.delete","cloudfunctions.functions.get","cloudfunctions.functions.list","cloudfunctions.functions.update","cloudfunctions.operations.get","datastore.indexes.create","datastore.indexes.delete","datastore.indexes.list","datastore.indexes.update","firebase.projects.get","firebasehosting.sites.update","firebaserules.releases.create","firebaserules.releases.update","firebaserules.rulesets.create"]}
[debug] [2026-07-21T14:09:15.867Z] Checked if tokens are valid: true, expires at: 1784645509063
[debug] [2026-07-21T14:09:15.867Z] Checked if tokens are valid: true, expires at: 1784645509063
[debug] [2026-07-21T14:09:15.867Z] >>> [apiv2][query] POST https://iam.googleapis.com/v1/projects/rally-5ddd6/serviceAccounts/rally-5ddd6@appspot.gserviceaccount.com:testIamPermissions [none]
[debug] [2026-07-21T14:09:15.867Z] >>> [apiv2][body] POST https://iam.googleapis.com/v1/projects/rally-5ddd6/serviceAccounts/rally-5ddd6@appspot.gserviceaccount.com:testIamPermissions {"permissions":["iam.serviceAccounts.actAs"]}
[debug] [2026-07-21T14:09:16.641Z] <<< [apiv2][status] POST https://iam.googleapis.com/v1/projects/rally-5ddd6/serviceAccounts/rally-5ddd6@appspot.gserviceaccount.com:testIamPermissions 200
[debug] [2026-07-21T14:09:16.641Z] <<< [apiv2][body] POST https://iam.googleapis.com/v1/projects/rally-5ddd6/serviceAccounts/rally-5ddd6@appspot.gserviceaccount.com:testIamPermissions {"permissions":["iam.serviceAccounts.actAs"]}
[debug] [2026-07-21T14:09:16.645Z] Checked if tokens are valid: true, expires at: 1784645509063
[debug] [2026-07-21T14:09:16.645Z] Checked if tokens are valid: true, expires at: 1784645509063
[debug] [2026-07-21T14:09:16.646Z] >>> [apiv2][query] GET https://firebase.googleapis.com/v1beta1/projects/rally-5ddd6 [none]
[debug] [2026-07-21T14:09:17.017Z] <<< [apiv2][status] GET https://firebase.googleapis.com/v1beta1/projects/rally-5ddd6 200
[debug] [2026-07-21T14:09:17.018Z] <<< [apiv2][body] GET https://firebase.googleapis.com/v1beta1/projects/rally-5ddd6 {"projectId":"rally-5ddd6","projectNumber":"906417673342","displayName":"Rally","name":"projects/rally-5ddd6","resources":{"hostingSite":"rally-5ddd6"},"state":"ACTIVE","labels":{"firebase":"enabled","firebase/storage-default-bucket":"created"},"etag":"1_7e436048-8ff4-47d3-9c36-657142d0e988"}
[info] 
[info] === Deploying to 'rally-5ddd6'...
[info] 
[info] i  deploying storage, firestore, functions, hosting 
[info] Running command: npm run build
[info] ✔  hosting: Finished running predeploy script. 
[info] i  storage: ensuring required API firebasestorage.googleapis.com is enabled... 
[debug] [2026-07-21T14:09:26.499Z] Checked if tokens are valid: true, expires at: 1784645509063
[debug] [2026-07-21T14:09:26.499Z] Checked if tokens are valid: true, expires at: 1784645509063
[debug] [2026-07-21T14:09:26.499Z] >>> [apiv2][query] GET https://firebasestorage.googleapis.com/v1alpha/projects/rally-5ddd6/defaultBucket [none]
[debug] [2026-07-21T14:09:27.261Z] <<< [apiv2][status] GET https://firebasestorage.googleapis.com/v1alpha/projects/rally-5ddd6/defaultBucket 200
[debug] [2026-07-21T14:09:27.261Z] <<< [apiv2][body] GET https://firebasestorage.googleapis.com/v1alpha/projects/rally-5ddd6/defaultBucket {"name":"projects/rally-5ddd6/defaultBucket","location":"US-WEST1","bucket":{"name":"projects/rally-5ddd6/buckets/rally-5ddd6.firebasestorage.app"},"storageClass":"REGIONAL"}
[info] i  firebase.storage: checking storage.rules for compilation errors... 
[debug] [2026-07-21T14:09:27.261Z] Checked if tokens are valid: true, expires at: 1784645509063
[debug] [2026-07-21T14:09:27.261Z] Checked if tokens are valid: true, expires at: 1784645509063
[debug] [2026-07-21T14:09:27.261Z] >>> [apiv2][query] POST https://firebaserules.googleapis.com/v1/projects/rally-5ddd6:test [none]
[debug] [2026-07-21T14:09:27.261Z] >>> [apiv2][body] POST https://firebaserules.googleapis.com/v1/projects/rally-5ddd6:test [omitted]
[debug] [2026-07-21T14:09:28.147Z] <<< [apiv2][status] POST https://firebaserules.googleapis.com/v1/projects/rally-5ddd6:test 200
[debug] [2026-07-21T14:09:28.147Z] <<< [apiv2][body] POST https://firebaserules.googleapis.com/v1/projects/rally-5ddd6:test {}
[info] ✔  firebase.storage: rules file storage.rules compiled successfully 
[info] i  firestore: ensuring required API firestore.googleapis.com is enabled... 
[info] i  firestore: ensuring required API firestore.googleapis.com is enabled... 
[debug] [2026-07-21T14:09:28.148Z] Checked if tokens are valid: true, expires at: 1784645509063
[debug] [2026-07-21T14:09:28.148Z] Checked if tokens are valid: true, expires at: 1784645509063
[debug] [2026-07-21T14:09:28.148Z] >>> [apiv2][query] GET https://firestore.googleapis.com/v1/projects/rally-5ddd6/databases/(default) [none]
[debug] [2026-07-21T14:09:28.347Z] <<< [apiv2][status] GET https://firestore.googleapis.com/v1/projects/rally-5ddd6/databases/(default) 200
[debug] [2026-07-21T14:09:28.347Z] <<< [apiv2][body] GET https://firestore.googleapis.com/v1/projects/rally-5ddd6/databases/(default) {"name":"projects/rally-5ddd6/databases/(default)","uid":"8998248c-51fd-4605-af73-c7b559683314","createTime":"2026-05-29T19:25:18.331431Z","updateTime":"2026-05-29T19:25:18.331431Z","locationId":"europe-southwest1","type":"FIRESTORE_NATIVE","concurrencyMode":"PESSIMISTIC","versionRetentionPeriod":"3600s","earliestVersionTime":"2026-07-21T13:09:28.366434Z","appEngineIntegrationMode":"DISABLED","pointInTimeRecoveryEnablement":"POINT_IN_TIME_RECOVERY_DISABLED","deleteProtectionState":"DELETE_PROTECTION_DISABLED","databaseEdition":"STANDARD","freeTier":true,"realtimeUpdatesMode":"REALTIME_UPDATES_MODE_ENABLED","etag":"IJvUuJH545UDMKLLiped35QD"}
[info] i  cloud.firestore: checking firestore.rules for compilation errors... 
[debug] [2026-07-21T14:09:28.348Z] Checked if tokens are valid: true, expires at: 1784645509063
[debug] [2026-07-21T14:09:28.348Z] Checked if tokens are valid: true, expires at: 1784645509063
[debug] [2026-07-21T14:09:28.348Z] >>> [apiv2][query] POST https://firebaserules.googleapis.com/v1/projects/rally-5ddd6:test [none]
[debug] [2026-07-21T14:09:28.348Z] >>> [apiv2][body] POST https://firebaserules.googleapis.com/v1/projects/rally-5ddd6:test [omitted]
[debug] [2026-07-21T14:09:29.147Z] <<< [apiv2][status] POST https://firebaserules.googleapis.com/v1/projects/rally-5ddd6:test 200
[debug] [2026-07-21T14:09:29.147Z] <<< [apiv2][body] POST https://firebaserules.googleapis.com/v1/projects/rally-5ddd6:test {"issues":[{"sourcePosition":{"fileName":"firestore.rules","line":15,"column":14,"currentOffset":338,"endOffset":347},"description":"Unused function: areFriends.","severity":"WARNING"},{"sourcePosition":{"fileName":"firestore.rules","line":17,"column":9,"currentOffset":394,"endOffset":399},"description":"Invalid function name: exists.","severity":"WARNING"},{"sourcePosition":{"fileName":"firestore.rules","line":17,"column":63,"currentOffset":448,"endOffset":454},"description":"Invalid variable name: request.","severity":"WARNING"},{"sourcePosition":{"fileName":"firestore.rules","line":18,"column":12,"currentOffset":493,"endOffset":498},"description":"Invalid function name: exists.","severity":"WARNING"},{"sourcePosition":{"fileName":"firestore.rules","line":18,"column":81,"currentOffset":562,"endOffset":568},"description":"Invalid variable name: request.","severity":"WARNING"}]}
[warn] ⚠  [W] 15:14 - Unused function: areFriends. 
[warn] ⚠  [W] 17:9 - Invalid function name: exists. 
[warn] ⚠  [W] 17:63 - Invalid variable name: request. 
[warn] ⚠  [W] 18:12 - Invalid function name: exists. 
[warn] ⚠  [W] 18:81 - Invalid variable name: request. 
[info] ✔  cloud.firestore: rules file firestore.rules compiled successfully 
[debug] [2026-07-21T14:09:29.150Z] Checked if tokens are valid: true, expires at: 1784645509063
[debug] [2026-07-21T14:09:29.150Z] Checked if tokens are valid: true, expires at: 1784645509063
[debug] [2026-07-21T14:09:29.150Z] >>> [apiv2][query] GET https://cloudresourcemanager.googleapis.com/v1/projects/rally-5ddd6 [none]
[debug] [2026-07-21T14:09:29.975Z] <<< [apiv2][status] GET https://cloudresourcemanager.googleapis.com/v1/projects/rally-5ddd6 200
[debug] [2026-07-21T14:09:29.975Z] <<< [apiv2][body] GET https://cloudresourcemanager.googleapis.com/v1/projects/rally-5ddd6 {"projectNumber":"906417673342","projectId":"rally-5ddd6","lifecycleState":"ACTIVE","name":"Rally","labels":{"firebase":"enabled","firebase-core":"disabled"},"createTime":"2026-05-29T17:32:15.547Z"}
[info] i  functions: preparing codebase default for deployment 
[info] i  functions: ensuring required API cloudfunctions.googleapis.com is enabled... 
[info] i  functions: ensuring required API cloudbuild.googleapis.com is enabled... 
[info] i  artifactregistry: ensuring required API artifactregistry.googleapis.com is enabled... 
[debug] [2026-07-21T14:09:29.979Z] Checked if tokens are valid: true, expires at: 1784645509063
[debug] [2026-07-21T14:09:29.979Z] Checked if tokens are valid: true, expires at: 1784645509063
[debug] [2026-07-21T14:09:29.979Z] >>> [apiv2][query] GET https://firebase.googleapis.com/v1beta1/projects/rally-5ddd6/adminSdkConfig [none]
[debug] [2026-07-21T14:09:30.619Z] <<< [apiv2][status] GET https://firebase.googleapis.com/v1beta1/projects/rally-5ddd6/adminSdkConfig 200
[debug] [2026-07-21T14:09:30.619Z] <<< [apiv2][body] GET https://firebase.googleapis.com/v1beta1/projects/rally-5ddd6/adminSdkConfig {"projectId":"rally-5ddd6","storageBucket":"rally-5ddd6.firebasestorage.app"}
[debug] [2026-07-21T14:09:30.619Z] Checked if tokens are valid: true, expires at: 1784645509063
[debug] [2026-07-21T14:09:30.619Z] Checked if tokens are valid: true, expires at: 1784645509063
[debug] [2026-07-21T14:09:30.619Z] >>> [apiv2][query] GET https://runtimeconfig.googleapis.com/v1beta1/projects/rally-5ddd6/configs [none]
[debug] [2026-07-21T14:09:30.982Z] <<< [apiv2][status] GET https://runtimeconfig.googleapis.com/v1beta1/projects/rally-5ddd6/configs 200
[debug] [2026-07-21T14:09:30.982Z] <<< [apiv2][body] GET https://runtimeconfig.googleapis.com/v1beta1/projects/rally-5ddd6/configs {}
[debug] [2026-07-21T14:09:30.985Z] Validating nodejs source
[warn] ⚠  functions: Couldn't find firebase-functions package in your source code. Have you run 'npm install'? 
[debug] [2026-07-21T14:09:30.987Z] getFunctionsSDKVersion encountered error: Cannot find module 'firebase-functions'
Require stack:
- /Users/guilhermemartinsesilva/.npm/_npx/7750544ccf494d8b/node_modules/firebase-tools/lib/deploy/functions/runtimes/node/versioning.js
- /Users/guilhermemartinsesilva/.npm/_npx/7750544ccf494d8b/node_modules/firebase-tools/lib/deploy/functions/runtimes/node/index.js
- /Users/guilhermemartinsesilva/.npm/_npx/7750544ccf494d8b/node_modules/firebase-tools/lib/deploy/functions/runtimes/index.js
- /Users/guilhermemartinsesilva/.npm/_npx/7750544ccf494d8b/node_modules/firebase-tools/lib/deploy/functions/prepare.js
- /Users/guilhermemartinsesilva/.npm/_npx/7750544ccf494d8b/node_modules/firebase-tools/lib/emulator/functionsEmulatorShared.js
- /Users/guilhermemartinsesilva/.npm/_npx/7750544ccf494d8b/node_modules/firebase-tools/lib/frameworks/index.js
- /Users/guilhermemartinsesilva/.npm/_npx/7750544ccf494d8b/node_modules/firebase-tools/lib/deploy/hosting/prepare.js
- /Users/guilhermemartinsesilva/.npm/_npx/7750544ccf494d8b/node_modules/firebase-tools/lib/deploy/hosting/index.js
- /Users/guilhermemartinsesilva/.npm/_npx/7750544ccf494d8b/node_modules/firebase-tools/lib/deploy/index.js
- /Users/guilhermemartinsesilva/.npm/_npx/7750544ccf494d8b/node_modules/firebase-tools/lib/checkValidTargetFilters.js
- /Users/guilhermemartinsesilva/.npm/_npx/7750544ccf494d8b/node_modules/firebase-tools/lib/commands/deploy.js
- /Users/guilhermemartinsesilva/.npm/_npx/7750544ccf494d8b/node_modules/firebase-tools/lib/commands/index.js
- /Users/guilhermemartinsesilva/.npm/_npx/7750544ccf494d8b/node_modules/firebase-tools/lib/index.js
- /Users/guilhermemartinsesilva/.npm/_npx/7750544ccf494d8b/node_modules/firebase-tools/lib/bin/cli.js
- /Users/guilhermemartinsesilva/.npm/_npx/7750544ccf494d8b/node_modules/firebase-tools/lib/bin/firebase.js {"code":"MODULE_NOT_FOUND","requireStack":["/Users/guilhermemartinsesilva/.npm/_npx/7750544ccf494d8b/node_modules/firebase-tools/lib/deploy/functions/runtimes/node/versioning.js","/Users/guilhermemartinsesilva/.npm/_npx/7750544ccf494d8b/node_modules/firebase-tools/lib/deploy/functions/runtimes/node/index.js","/Users/guilhermemartinsesilva/.npm/_npx/7750544ccf494d8b/node_modules/firebase-tools/lib/deploy/functions/runtimes/index.js","/Users/guilhermemartinsesilva/.npm/_npx/7750544ccf494d8b/node_modules/firebase-tools/lib/deploy/functions/prepare.js","/Users/guilhermemartinsesilva/.npm/_npx/7750544ccf494d8b/node_modules/firebase-tools/lib/emulator/functionsEmulatorShared.js","/Users/guilhermemartinsesilva/.npm/_npx/7750544ccf494d8b/node_modules/firebase-tools/lib/frameworks/index.js","/Users/guilhermemartinsesilva/.npm/_npx/7750544ccf494d8b/node_modules/firebase-tools/lib/deploy/hosting/prepare.js","/Users/guilhermemartinsesilva/.npm/_npx/7750544ccf494d8b/node_modules/firebase-tools/lib/deploy/hosting/index.js","/Users/guilhermemartinsesilva/.npm/_npx/7750544ccf494d8b/node_modules/firebase-tools/lib/deploy/index.js","/Users/guilhermemartinsesilva/.npm/_npx/7750544ccf494d8b/node_modules/firebase-tools/lib/checkValidTargetFilters.js","/Users/guilhermemartinsesilva/.npm/_npx/7750544ccf494d8b/node_modules/firebase-tools/lib/commands/deploy.js","/Users/guilhermemartinsesilva/.npm/_npx/7750544ccf494d8b/node_modules/firebase-tools/lib/commands/index.js","/Users/guilhermemartinsesilva/.npm/_npx/7750544ccf494d8b/node_modules/firebase-tools/lib/index.js","/Users/guilhermemartinsesilva/.npm/_npx/7750544ccf494d8b/node_modules/firebase-tools/lib/bin/cli.js","/Users/guilhermemartinsesilva/.npm/_npx/7750544ccf494d8b/node_modules/firebase-tools/lib/bin/firebase.js"]}
[debug] [2026-07-21T14:09:30.989Z] checkFunctionsSDKVersion encountered error: Invalid Version:  {}
[debug] [2026-07-21T14:09:30.990Z] > [functions] package.json contents: {
  "name": "functions",
  "description": "Cloud Functions for Rally",
  "scripts": {
    "serve": "firebase emulators:start --only functions",
    "shell": "firebase functions:shell",
    "start": "npm run shell",
    "deploy": "firebase deploy --only functions"
  },
  "engines": {
    "node": "22"
  },
  "main": "index.js",
  "dependencies": {
    "@google/genai": "^2.10.0",
    "firebase-admin": "^12.0.0",
    "firebase-functions": "^5.0.0",
    "stripe": "^22.3.2"
  },
  "devDependencies": {
    "firebase-functions-test": "^3.1.0"
  },
  "private": true
}
[debug] [2026-07-21T14:09:30.990Z] Building nodejs source
[info] i  functions: Loading and analyzing source code for codebase default to determine what to deploy 
[debug] [2026-07-21T14:09:30.990Z] Could not parse firebase-functions version '' into semver.
[debug] [2026-07-21T14:09:30.991Z] Could not find functions.yaml. Must use http discovery
[debug] [2026-07-21T14:09:31.166Z] Error: Cannot find module 'firebase-functions'
Require stack:
- /Users/guilhermemartinsesilva/.npm/_npx/7750544ccf494d8b/node_modules/firebase-tools/lib/deploy/functions/runtimes/node/index.js
- /Users/guilhermemartinsesilva/.npm/_npx/7750544ccf494d8b/node_modules/firebase-tools/lib/deploy/functions/runtimes/index.js
- /Users/guilhermemartinsesilva/.npm/_npx/7750544ccf494d8b/node_modules/firebase-tools/lib/deploy/functions/prepare.js
- /Users/guilhermemartinsesilva/.npm/_npx/7750544ccf494d8b/node_modules/firebase-tools/lib/emulator/functionsEmulatorShared.js
- /Users/guilhermemartinsesilva/.npm/_npx/7750544ccf494d8b/node_modules/firebase-tools/lib/frameworks/index.js
- /Users/guilhermemartinsesilva/.npm/_npx/7750544ccf494d8b/node_modules/firebase-tools/lib/deploy/hosting/prepare.js
- /Users/guilhermemartinsesilva/.npm/_npx/7750544ccf494d8b/node_modules/firebase-tools/lib/deploy/hosting/index.js
- /Users/guilhermemartinsesilva/.npm/_npx/7750544ccf494d8b/node_modules/firebase-tools/lib/deploy/index.js
- /Users/guilhermemartinsesilva/.npm/_npx/7750544ccf494d8b/node_modules/firebase-tools/lib/checkValidTargetFilters.js
- /Users/guilhermemartinsesilva/.npm/_npx/7750544ccf494d8b/node_modules/firebase-tools/lib/commands/deploy.js
- /Users/guilhermemartinsesilva/.npm/_npx/7750544ccf494d8b/node_modules/firebase-tools/lib/commands/index.js
- /Users/guilhermemartinsesilva/.npm/_npx/7750544ccf494d8b/node_modules/firebase-tools/lib/index.js
- /Users/guilhermemartinsesilva/.npm/_npx/7750544ccf494d8b/node_modules/firebase-tools/lib/bin/cli.js
- /Users/guilhermemartinsesilva/.npm/_npx/7750544ccf494d8b/node_modules/firebase-tools/lib/bin/firebase.js
    at Function._resolveFilename (node:internal/modules/cjs/loader:1401:15)
    at Function.resolve (node:internal/modules/helpers:145:19)
    at Delegate.findFunctionsBinary (/Users/guilhermemartinsesilva/.npm/_npx/7750544ccf494d8b/node_modules/firebase-tools/lib/deploy/functions/runtimes/node/index.js:100:33)
    at Delegate.spawnFunctionsProcess (/Users/guilhermemartinsesilva/.npm/_npx/7750544ccf494d8b/node_modules/firebase-tools/lib/deploy/functions/runtimes/node/index.js:130:30)
    at Delegate.serveAdmin (/Users/guilhermemartinsesilva/.npm/_npx/7750544ccf494d8b/node_modules/firebase-tools/lib/deploy/functions/runtimes/node/index.js:151:35)
    at Delegate.discoverBuild (/Users/guilhermemartinsesilva/.npm/_npx/7750544ccf494d8b/node_modules/firebase-tools/lib/deploy/functions/runtimes/node/index.js:191:41)
    at process.processTicksAndRejections (node:internal/process/task_queues:105:5)
    at async loadCodebases (/Users/guilhermemartinsesilva/.npm/_npx/7750544ccf494d8b/node_modules/firebase-tools/lib/deploy/functions/prepare.js:488:33)
    at async prepare (/Users/guilhermemartinsesilva/.npm/_npx/7750544ccf494d8b/node_modules/firebase-tools/lib/deploy/functions/prepare.js:168:24)
    at async chain (/Users/guilhermemartinsesilva/.npm/_npx/7750544ccf494d8b/node_modules/firebase-tools/lib/deploy/index.js:105:9)
[error] 
[error] Error: An unexpected error has occurred.
[debug] [2026-07-21T14:12:26.795Z] ----------------------------------------------------------------------
[debug] [2026-07-21T14:12:26.796Z] Command:       /usr/local/bin/node /Users/guilhermemartinsesilva/.npm/_npx/7750544ccf494d8b/node_modules/.bin/firebase deploy
[debug] [2026-07-21T14:12:26.796Z] CLI Version:   15.24.0
[debug] [2026-07-21T14:12:26.796Z] Platform:      darwin
[debug] [2026-07-21T14:12:26.796Z] Node Version:  v22.17.1
[debug] [2026-07-21T14:12:26.796Z] Detected Agent: unknown
[debug] [2026-07-21T14:12:26.796Z] Time:          Tue Jul 21 2026 15:12:26 GMT+0100 (Western European Summer Time)
[debug] [2026-07-21T14:12:26.796Z] ----------------------------------------------------------------------
[debug] 
[debug] [2026-07-21T14:12:27.467Z] > command requires scopes: ["email","openid","https://www.googleapis.com/auth/cloudplatformprojects.readonly","https://www.googleapis.com/auth/firebase","https://www.googleapis.com/auth/cloud-platform"]
[debug] [2026-07-21T14:12:27.467Z] > authorizing via signed-in user (gma.silva@campus.fct.unl.pt)
[debug] [2026-07-21T14:12:27.467Z] [iam] checking project rally-5ddd6 for permissions ["cloudfunctions.functions.create","cloudfunctions.functions.delete","cloudfunctions.functions.get","cloudfunctions.functions.list","cloudfunctions.functions.update","cloudfunctions.operations.get","datastore.indexes.create","datastore.indexes.delete","datastore.indexes.list","datastore.indexes.update","firebase.projects.get","firebasehosting.sites.update","firebaserules.releases.create","firebaserules.releases.update","firebaserules.rulesets.create"]
[debug] [2026-07-21T14:12:27.471Z] Checked if tokens are valid: true, expires at: 1784645509063
[debug] [2026-07-21T14:12:27.471Z] Checked if tokens are valid: true, expires at: 1784645509063
[debug] [2026-07-21T14:12:27.471Z] >>> [apiv2][query] POST https://cloudresourcemanager.googleapis.com/v1/projects/rally-5ddd6:testIamPermissions [none]
[debug] [2026-07-21T14:12:27.471Z] >>> [apiv2][(partial)header] POST https://cloudresourcemanager.googleapis.com/v1/projects/rally-5ddd6:testIamPermissions  x-goog-user-project=rally-5ddd6
[debug] [2026-07-21T14:12:27.471Z] >>> [apiv2][body] POST https://cloudresourcemanager.googleapis.com/v1/projects/rally-5ddd6:testIamPermissions {"permissions":["cloudfunctions.functions.create","cloudfunctions.functions.delete","cloudfunctions.functions.get","cloudfunctions.functions.list","cloudfunctions.functions.update","cloudfunctions.operations.get","datastore.indexes.create","datastore.indexes.delete","datastore.indexes.list","datastore.indexes.update","firebase.projects.get","firebasehosting.sites.update","firebaserules.releases.create","firebaserules.releases.update","firebaserules.rulesets.create"]}
[debug] [2026-07-21T14:12:28.249Z] <<< [apiv2][status] POST https://cloudresourcemanager.googleapis.com/v1/projects/rally-5ddd6:testIamPermissions 200
[debug] [2026-07-21T14:12:28.249Z] <<< [apiv2][body] POST https://cloudresourcemanager.googleapis.com/v1/projects/rally-5ddd6:testIamPermissions {"permissions":["cloudfunctions.functions.create","cloudfunctions.functions.delete","cloudfunctions.functions.get","cloudfunctions.functions.list","cloudfunctions.functions.update","cloudfunctions.operations.get","datastore.indexes.create","datastore.indexes.delete","datastore.indexes.list","datastore.indexes.update","firebase.projects.get","firebasehosting.sites.update","firebaserules.releases.create","firebaserules.releases.update","firebaserules.rulesets.create"]}
[debug] [2026-07-21T14:12:28.250Z] Checked if tokens are valid: true, expires at: 1784645509063
[debug] [2026-07-21T14:12:28.250Z] Checked if tokens are valid: true, expires at: 1784645509063
[debug] [2026-07-21T14:12:28.250Z] >>> [apiv2][query] POST https://iam.googleapis.com/v1/projects/rally-5ddd6/serviceAccounts/rally-5ddd6@appspot.gserviceaccount.com:testIamPermissions [none]
[debug] [2026-07-21T14:12:28.250Z] >>> [apiv2][body] POST https://iam.googleapis.com/v1/projects/rally-5ddd6/serviceAccounts/rally-5ddd6@appspot.gserviceaccount.com:testIamPermissions {"permissions":["iam.serviceAccounts.actAs"]}
[debug] [2026-07-21T14:12:28.553Z] <<< [apiv2][status] POST https://iam.googleapis.com/v1/projects/rally-5ddd6/serviceAccounts/rally-5ddd6@appspot.gserviceaccount.com:testIamPermissions 200
[debug] [2026-07-21T14:12:28.553Z] <<< [apiv2][body] POST https://iam.googleapis.com/v1/projects/rally-5ddd6/serviceAccounts/rally-5ddd6@appspot.gserviceaccount.com:testIamPermissions {"permissions":["iam.serviceAccounts.actAs"]}
[debug] [2026-07-21T14:12:28.554Z] Checked if tokens are valid: true, expires at: 1784645509063
[debug] [2026-07-21T14:12:28.554Z] Checked if tokens are valid: true, expires at: 1784645509063
[debug] [2026-07-21T14:12:28.554Z] >>> [apiv2][query] GET https://firebase.googleapis.com/v1beta1/projects/rally-5ddd6 [none]
[debug] [2026-07-21T14:12:29.013Z] <<< [apiv2][status] GET https://firebase.googleapis.com/v1beta1/projects/rally-5ddd6 200
[debug] [2026-07-21T14:12:29.013Z] <<< [apiv2][body] GET https://firebase.googleapis.com/v1beta1/projects/rally-5ddd6 {"projectId":"rally-5ddd6","projectNumber":"906417673342","displayName":"Rally","name":"projects/rally-5ddd6","resources":{"hostingSite":"rally-5ddd6"},"state":"ACTIVE","labels":{"firebase":"enabled","firebase/storage-default-bucket":"created"},"etag":"1_7e436048-8ff4-47d3-9c36-657142d0e988"}
[info] 
[info] === Deploying to 'rally-5ddd6'...
[info] 
[info] i  deploying storage, firestore, functions, hosting 
[info] Running command: npm run build
[info] ✔  hosting: Finished running predeploy script. 
[info] i  storage: ensuring required API firebasestorage.googleapis.com is enabled... 
[debug] [2026-07-21T14:12:36.530Z] Checked if tokens are valid: true, expires at: 1784645509063
[debug] [2026-07-21T14:12:36.530Z] Checked if tokens are valid: true, expires at: 1784645509063
[debug] [2026-07-21T14:12:36.530Z] >>> [apiv2][query] GET https://firebasestorage.googleapis.com/v1alpha/projects/rally-5ddd6/defaultBucket [none]
[debug] [2026-07-21T14:12:37.100Z] <<< [apiv2][status] GET https://firebasestorage.googleapis.com/v1alpha/projects/rally-5ddd6/defaultBucket 200
[debug] [2026-07-21T14:12:37.100Z] <<< [apiv2][body] GET https://firebasestorage.googleapis.com/v1alpha/projects/rally-5ddd6/defaultBucket {"name":"projects/rally-5ddd6/defaultBucket","location":"US-WEST1","bucket":{"name":"projects/rally-5ddd6/buckets/rally-5ddd6.firebasestorage.app"},"storageClass":"REGIONAL"}
[info] i  firebase.storage: checking storage.rules for compilation errors... 
[debug] [2026-07-21T14:12:37.101Z] Checked if tokens are valid: true, expires at: 1784645509063
[debug] [2026-07-21T14:12:37.101Z] Checked if tokens are valid: true, expires at: 1784645509063
[debug] [2026-07-21T14:12:37.101Z] >>> [apiv2][query] POST https://firebaserules.googleapis.com/v1/projects/rally-5ddd6:test [none]
[debug] [2026-07-21T14:12:37.101Z] >>> [apiv2][body] POST https://firebaserules.googleapis.com/v1/projects/rally-5ddd6:test [omitted]
[debug] [2026-07-21T14:12:37.871Z] <<< [apiv2][status] POST https://firebaserules.googleapis.com/v1/projects/rally-5ddd6:test 200
[debug] [2026-07-21T14:12:37.871Z] <<< [apiv2][body] POST https://firebaserules.googleapis.com/v1/projects/rally-5ddd6:test {}
[info] ✔  firebase.storage: rules file storage.rules compiled successfully 
[info] i  firestore: ensuring required API firestore.googleapis.com is enabled... 
[info] i  firestore: ensuring required API firestore.googleapis.com is enabled... 
[debug] [2026-07-21T14:12:37.872Z] Checked if tokens are valid: true, expires at: 1784645509063
[debug] [2026-07-21T14:12:37.873Z] Checked if tokens are valid: true, expires at: 1784645509063
[debug] [2026-07-21T14:12:37.873Z] >>> [apiv2][query] GET https://firestore.googleapis.com/v1/projects/rally-5ddd6/databases/(default) [none]
[debug] [2026-07-21T14:12:38.091Z] <<< [apiv2][status] GET https://firestore.googleapis.com/v1/projects/rally-5ddd6/databases/(default) 200
[debug] [2026-07-21T14:12:38.091Z] <<< [apiv2][body] GET https://firestore.googleapis.com/v1/projects/rally-5ddd6/databases/(default) {"name":"projects/rally-5ddd6/databases/(default)","uid":"8998248c-51fd-4605-af73-c7b559683314","createTime":"2026-05-29T19:25:18.331431Z","updateTime":"2026-05-29T19:25:18.331431Z","locationId":"europe-southwest1","type":"FIRESTORE_NATIVE","concurrencyMode":"PESSIMISTIC","versionRetentionPeriod":"3600s","earliestVersionTime":"2026-07-21T13:12:38.106350Z","appEngineIntegrationMode":"DISABLED","pointInTimeRecoveryEnablement":"POINT_IN_TIME_RECOVERY_DISABLED","deleteProtectionState":"DELETE_PROTECTION_DISABLED","databaseEdition":"STANDARD","freeTier":true,"realtimeUpdatesMode":"REALTIME_UPDATES_MODE_ENABLED","etag":"IMy79ev545UDMKLLiped35QD"}
[info] i  cloud.firestore: checking firestore.rules for compilation errors... 
[debug] [2026-07-21T14:12:38.092Z] Checked if tokens are valid: true, expires at: 1784645509063
[debug] [2026-07-21T14:12:38.092Z] Checked if tokens are valid: true, expires at: 1784645509063
[debug] [2026-07-21T14:12:38.092Z] >>> [apiv2][query] POST https://firebaserules.googleapis.com/v1/projects/rally-5ddd6:test [none]
[debug] [2026-07-21T14:12:38.092Z] >>> [apiv2][body] POST https://firebaserules.googleapis.com/v1/projects/rally-5ddd6:test [omitted]
[debug] [2026-07-21T14:12:38.413Z] <<< [apiv2][status] POST https://firebaserules.googleapis.com/v1/projects/rally-5ddd6:test 200
[debug] [2026-07-21T14:12:38.413Z] <<< [apiv2][body] POST https://firebaserules.googleapis.com/v1/projects/rally-5ddd6:test {"issues":[{"sourcePosition":{"fileName":"firestore.rules","line":15,"column":14,"currentOffset":338,"endOffset":347},"description":"Unused function: areFriends.","severity":"WARNING"},{"sourcePosition":{"fileName":"firestore.rules","line":17,"column":9,"currentOffset":394,"endOffset":399},"description":"Invalid function name: exists.","severity":"WARNING"},{"sourcePosition":{"fileName":"firestore.rules","line":17,"column":63,"currentOffset":448,"endOffset":454},"description":"Invalid variable name: request.","severity":"WARNING"},{"sourcePosition":{"fileName":"firestore.rules","line":18,"column":12,"currentOffset":493,"endOffset":498},"description":"Invalid function name: exists.","severity":"WARNING"},{"sourcePosition":{"fileName":"firestore.rules","line":18,"column":81,"currentOffset":562,"endOffset":568},"description":"Invalid variable name: request.","severity":"WARNING"}]}
[warn] ⚠  [W] 15:14 - Unused function: areFriends. 
[warn] ⚠  [W] 17:9 - Invalid function name: exists. 
[warn] ⚠  [W] 17:63 - Invalid variable name: request. 
[warn] ⚠  [W] 18:12 - Invalid function name: exists. 
[warn] ⚠  [W] 18:81 - Invalid variable name: request. 
[info] ✔  cloud.firestore: rules file firestore.rules compiled successfully 
[debug] [2026-07-21T14:12:38.414Z] Checked if tokens are valid: true, expires at: 1784645509063
[debug] [2026-07-21T14:12:38.414Z] Checked if tokens are valid: true, expires at: 1784645509063
[debug] [2026-07-21T14:12:38.414Z] >>> [apiv2][query] GET https://cloudresourcemanager.googleapis.com/v1/projects/rally-5ddd6 [none]
[debug] [2026-07-21T14:12:39.287Z] <<< [apiv2][status] GET https://cloudresourcemanager.googleapis.com/v1/projects/rally-5ddd6 200
[debug] [2026-07-21T14:12:39.288Z] <<< [apiv2][body] GET https://cloudresourcemanager.googleapis.com/v1/projects/rally-5ddd6 {"projectNumber":"906417673342","projectId":"rally-5ddd6","lifecycleState":"ACTIVE","name":"Rally","labels":{"firebase":"enabled","firebase-core":"disabled"},"createTime":"2026-05-29T17:32:15.547Z"}
[info] i  functions: preparing codebase default for deployment 
[info] i  functions: ensuring required API cloudfunctions.googleapis.com is enabled... 
[info] i  functions: ensuring required API cloudbuild.googleapis.com is enabled... 
[info] i  artifactregistry: ensuring required API artifactregistry.googleapis.com is enabled... 
[debug] [2026-07-21T14:12:39.292Z] Checked if tokens are valid: true, expires at: 1784645509063
[debug] [2026-07-21T14:12:39.292Z] Checked if tokens are valid: true, expires at: 1784645509063
[debug] [2026-07-21T14:12:39.293Z] >>> [apiv2][query] GET https://firebase.googleapis.com/v1beta1/projects/rally-5ddd6/adminSdkConfig [none]
[debug] [2026-07-21T14:12:39.963Z] <<< [apiv2][status] GET https://firebase.googleapis.com/v1beta1/projects/rally-5ddd6/adminSdkConfig 200
[debug] [2026-07-21T14:12:39.964Z] <<< [apiv2][body] GET https://firebase.googleapis.com/v1beta1/projects/rally-5ddd6/adminSdkConfig {"projectId":"rally-5ddd6","storageBucket":"rally-5ddd6.firebasestorage.app"}
[debug] [2026-07-21T14:12:39.965Z] Checked if tokens are valid: true, expires at: 1784645509063
[debug] [2026-07-21T14:12:39.965Z] Checked if tokens are valid: true, expires at: 1784645509063
[debug] [2026-07-21T14:12:39.965Z] >>> [apiv2][query] GET https://runtimeconfig.googleapis.com/v1beta1/projects/rally-5ddd6/configs [none]
[debug] [2026-07-21T14:12:40.414Z] <<< [apiv2][status] GET https://runtimeconfig.googleapis.com/v1beta1/projects/rally-5ddd6/configs 200
[debug] [2026-07-21T14:12:40.414Z] <<< [apiv2][body] GET https://runtimeconfig.googleapis.com/v1beta1/projects/rally-5ddd6/configs {}
[debug] [2026-07-21T14:12:40.416Z] Validating nodejs source
[warn] ⚠  functions: Couldn't find firebase-functions package in your source code. Have you run 'npm install'? 
[debug] [2026-07-21T14:12:40.418Z] getFunctionsSDKVersion encountered error: Cannot find module 'firebase-functions'
Require stack:
- /Users/guilhermemartinsesilva/.npm/_npx/7750544ccf494d8b/node_modules/firebase-tools/lib/deploy/functions/runtimes/node/versioning.js
- /Users/guilhermemartinsesilva/.npm/_npx/7750544ccf494d8b/node_modules/firebase-tools/lib/deploy/functions/runtimes/node/index.js
- /Users/guilhermemartinsesilva/.npm/_npx/7750544ccf494d8b/node_modules/firebase-tools/lib/deploy/functions/runtimes/index.js
- /Users/guilhermemartinsesilva/.npm/_npx/7750544ccf494d8b/node_modules/firebase-tools/lib/deploy/functions/prepare.js
- /Users/guilhermemartinsesilva/.npm/_npx/7750544ccf494d8b/node_modules/firebase-tools/lib/emulator/functionsEmulatorShared.js
- /Users/guilhermemartinsesilva/.npm/_npx/7750544ccf494d8b/node_modules/firebase-tools/lib/frameworks/index.js
- /Users/guilhermemartinsesilva/.npm/_npx/7750544ccf494d8b/node_modules/firebase-tools/lib/deploy/hosting/prepare.js
- /Users/guilhermemartinsesilva/.npm/_npx/7750544ccf494d8b/node_modules/firebase-tools/lib/deploy/hosting/index.js
- /Users/guilhermemartinsesilva/.npm/_npx/7750544ccf494d8b/node_modules/firebase-tools/lib/deploy/index.js
- /Users/guilhermemartinsesilva/.npm/_npx/7750544ccf494d8b/node_modules/firebase-tools/lib/checkValidTargetFilters.js
- /Users/guilhermemartinsesilva/.npm/_npx/7750544ccf494d8b/node_modules/firebase-tools/lib/commands/deploy.js
- /Users/guilhermemartinsesilva/.npm/_npx/7750544ccf494d8b/node_modules/firebase-tools/lib/commands/index.js
- /Users/guilhermemartinsesilva/.npm/_npx/7750544ccf494d8b/node_modules/firebase-tools/lib/index.js
- /Users/guilhermemartinsesilva/.npm/_npx/7750544ccf494d8b/node_modules/firebase-tools/lib/bin/cli.js
- /Users/guilhermemartinsesilva/.npm/_npx/7750544ccf494d8b/node_modules/firebase-tools/lib/bin/firebase.js {"code":"MODULE_NOT_FOUND","requireStack":["/Users/guilhermemartinsesilva/.npm/_npx/7750544ccf494d8b/node_modules/firebase-tools/lib/deploy/functions/runtimes/node/versioning.js","/Users/guilhermemartinsesilva/.npm/_npx/7750544ccf494d8b/node_modules/firebase-tools/lib/deploy/functions/runtimes/node/index.js","/Users/guilhermemartinsesilva/.npm/_npx/7750544ccf494d8b/node_modules/firebase-tools/lib/deploy/functions/runtimes/index.js","/Users/guilhermemartinsesilva/.npm/_npx/7750544ccf494d8b/node_modules/firebase-tools/lib/deploy/functions/prepare.js","/Users/guilhermemartinsesilva/.npm/_npx/7750544ccf494d8b/node_modules/firebase-tools/lib/emulator/functionsEmulatorShared.js","/Users/guilhermemartinsesilva/.npm/_npx/7750544ccf494d8b/node_modules/firebase-tools/lib/frameworks/index.js","/Users/guilhermemartinsesilva/.npm/_npx/7750544ccf494d8b/node_modules/firebase-tools/lib/deploy/hosting/prepare.js","/Users/guilhermemartinsesilva/.npm/_npx/7750544ccf494d8b/node_modules/firebase-tools/lib/deploy/hosting/index.js","/Users/guilhermemartinsesilva/.npm/_npx/7750544ccf494d8b/node_modules/firebase-tools/lib/deploy/index.js","/Users/guilhermemartinsesilva/.npm/_npx/7750544ccf494d8b/node_modules/firebase-tools/lib/checkValidTargetFilters.js","/Users/guilhermemartinsesilva/.npm/_npx/7750544ccf494d8b/node_modules/firebase-tools/lib/commands/deploy.js","/Users/guilhermemartinsesilva/.npm/_npx/7750544ccf494d8b/node_modules/firebase-tools/lib/commands/index.js","/Users/guilhermemartinsesilva/.npm/_npx/7750544ccf494d8b/node_modules/firebase-tools/lib/index.js","/Users/guilhermemartinsesilva/.npm/_npx/7750544ccf494d8b/node_modules/firebase-tools/lib/bin/cli.js","/Users/guilhermemartinsesilva/.npm/_npx/7750544ccf494d8b/node_modules/firebase-tools/lib/bin/firebase.js"]}
[debug] [2026-07-21T14:12:40.418Z] checkFunctionsSDKVersion encountered error: Invalid Version:  {}
[debug] [2026-07-21T14:12:40.419Z] > [functions] package.json contents: {
  "name": "functions",
  "description": "Cloud Functions for Rally",
  "scripts": {
    "serve": "firebase emulators:start --only functions",
    "shell": "firebase functions:shell",
    "start": "npm run shell",
    "deploy": "firebase deploy --only functions"
  },
  "engines": {
    "node": "22"
  },
  "main": "index.js",
  "dependencies": {
    "@google/genai": "^2.10.0",
    "firebase-admin": "^12.0.0",
    "firebase-functions": "^5.0.0",
    "stripe": "^22.3.2"
  },
  "devDependencies": {
    "firebase-functions-test": "^3.1.0"
  },
  "private": true
}
[debug] [2026-07-21T14:12:40.419Z] Building nodejs source
[info] i  functions: Loading and analyzing source code for codebase default to determine what to deploy 
[debug] [2026-07-21T14:12:40.419Z] Could not parse firebase-functions version '' into semver.
[debug] [2026-07-21T14:12:40.419Z] Could not find functions.yaml. Must use http discovery
[debug] [2026-07-21T14:12:40.587Z] Error: Cannot find module 'firebase-functions'
Require stack:
- /Users/guilhermemartinsesilva/.npm/_npx/7750544ccf494d8b/node_modules/firebase-tools/lib/deploy/functions/runtimes/node/index.js
- /Users/guilhermemartinsesilva/.npm/_npx/7750544ccf494d8b/node_modules/firebase-tools/lib/deploy/functions/runtimes/index.js
- /Users/guilhermemartinsesilva/.npm/_npx/7750544ccf494d8b/node_modules/firebase-tools/lib/deploy/functions/prepare.js
- /Users/guilhermemartinsesilva/.npm/_npx/7750544ccf494d8b/node_modules/firebase-tools/lib/emulator/functionsEmulatorShared.js
- /Users/guilhermemartinsesilva/.npm/_npx/7750544ccf494d8b/node_modules/firebase-tools/lib/frameworks/index.js
- /Users/guilhermemartinsesilva/.npm/_npx/7750544ccf494d8b/node_modules/firebase-tools/lib/deploy/hosting/prepare.js
- /Users/guilhermemartinsesilva/.npm/_npx/7750544ccf494d8b/node_modules/firebase-tools/lib/deploy/hosting/index.js
- /Users/guilhermemartinsesilva/.npm/_npx/7750544ccf494d8b/node_modules/firebase-tools/lib/deploy/index.js
- /Users/guilhermemartinsesilva/.npm/_npx/7750544ccf494d8b/node_modules/firebase-tools/lib/checkValidTargetFilters.js
- /Users/guilhermemartinsesilva/.npm/_npx/7750544ccf494d8b/node_modules/firebase-tools/lib/commands/deploy.js
- /Users/guilhermemartinsesilva/.npm/_npx/7750544ccf494d8b/node_modules/firebase-tools/lib/commands/index.js
- /Users/guilhermemartinsesilva/.npm/_npx/7750544ccf494d8b/node_modules/firebase-tools/lib/index.js
- /Users/guilhermemartinsesilva/.npm/_npx/7750544ccf494d8b/node_modules/firebase-tools/lib/bin/cli.js
- /Users/guilhermemartinsesilva/.npm/_npx/7750544ccf494d8b/node_modules/firebase-tools/lib/bin/firebase.js
    at Function._resolveFilename (node:internal/modules/cjs/loader:1401:15)
    at Function.resolve (node:internal/modules/helpers:145:19)
    at Delegate.findFunctionsBinary (/Users/guilhermemartinsesilva/.npm/_npx/7750544ccf494d8b/node_modules/firebase-tools/lib/deploy/functions/runtimes/node/index.js:100:33)
    at Delegate.spawnFunctionsProcess (/Users/guilhermemartinsesilva/.npm/_npx/7750544ccf494d8b/node_modules/firebase-tools/lib/deploy/functions/runtimes/node/index.js:130:30)
    at Delegate.serveAdmin (/Users/guilhermemartinsesilva/.npm/_npx/7750544ccf494d8b/node_modules/firebase-tools/lib/deploy/functions/runtimes/node/index.js:151:35)
    at Delegate.discoverBuild (/Users/guilhermemartinsesilva/.npm/_npx/7750544ccf494d8b/node_modules/firebase-tools/lib/deploy/functions/runtimes/node/index.js:191:41)
    at process.processTicksAndRejections (node:internal/process/task_queues:105:5)
    at async loadCodebases (/Users/guilhermemartinsesilva/.npm/_npx/7750544ccf494d8b/node_modules/firebase-tools/lib/deploy/functions/prepare.js:488:33)
    at async prepare (/Users/guilhermemartinsesilva/.npm/_npx/7750544ccf494d8b/node_modules/firebase-tools/lib/deploy/functions/prepare.js:168:24)
    at async chain (/Users/guilhermemartinsesilva/.npm/_npx/7750544ccf494d8b/node_modules/firebase-tools/lib/deploy/index.js:105:9)
[error] 
[error] Error: An unexpected error has occurred.
